<?xml version="1.0" encoding="UTF-8"?>
<!-- Generated by org.testng.reporters.JUnitReportReporter -->
<testsuite skipped="0" hostname="LAPTOP-HHN7D2TC" name="com.ebanking.master.BranchNg" tests="1" failures="0" timestamp="2021-07-13T16:32:45 IST" time="6.901" errors="0">
  <testcase name="Br" time="6.901" classname="com.ebanking.master.BranchNg"/>
</testsuite> <!-- com.ebanking.master.BranchNg -->
