<?xml version="1.0" encoding="UTF-8"?>
<!-- Generated by org.testng.reporters.JUnitReportReporter -->
<testsuite skipped="0" hostname="LAPTOP-HHN7D2TC" name="com.ebanking.master.Roleng" tests="3" failures="0" timestamp="2021-07-13T16:32:45 IST" time="29.419" errors="0">
  <testcase name="Rol" time="9.583" classname="com.ebanking.master.Roleng"/>
  <testcase name="Rol" time="9.997" classname="com.ebanking.master.Roleng"/>
  <testcase name="Rol" time="9.839" classname="com.ebanking.master.Roleng"/>
</testsuite> <!-- com.ebanking.master.Roleng -->
